2018-02-06 13:46:20  INFO [main] (PropertyLoader.java:46) - Start reading list of schemes...
2018-02-06 13:46:20  INFO [main] (PropertyLoader.java:70) - Finish reading list of schemes

2018-02-06 13:46:20  INFO [main] (PropertyLoader.java:83) - Start reading list of group types...
2018-02-06 13:46:20  INFO [main] (PropertyLoader.java:103) - Finish reading list of group types

2018-02-06 13:46:20  INFO [main] (SearchRuleBuildersFactory.java:33) - Start creating map with builders...
2018-02-06 13:46:20  INFO [main] (SearchRuleBuildersFactory.java:45) - Finish creating map with builders

2018-02-06 13:46:20  INFO [main] (PageObjectsGenerator.java:113) - Start creating list of RawSearchRules...
2018-02-06 13:46:20  INFO [main] (PageObjectsGenerator.java:115) - Finish creating list of RawSearchRules

2018-02-06 13:46:20  INFO [main] (PageObjectsGenerator.java:136) - Start validation RawSearchRules with using Json Schema...
2018-02-06 13:46:20  INFO [main] (PageObjectsGenerator.java:138) - Finish validation

2018-02-06 13:46:20  INFO [main] (PageObjectsGenerator.java:128) - Start transforming RawSearchRules in SearchRules...
2018-02-06 13:46:20  INFO [main] (PageObjectsGenerator.java:131) - Finish transforming RawSearchRules in SearchRules

2018-02-06 13:46:20  INFO [main] (PageObjectsGenerator.java:120) - Start Json validation...

2018-02-06 13:46:20  INFO [main] (JsonValidators.java:52) - DuplicateTitleInnerSearchRuleValidator starts validation...
2018-02-06 13:46:20  INFO [main] (JsonValidators.java:56) - DuplicateTitleInnerSearchRuleValidator finished validation

2018-02-06 13:46:20  INFO [main] (JsonValidators.java:52) - RootExistenceValidator starts validation...
2018-02-06 13:46:20  INFO [main] (JsonValidators.java:56) - RootExistenceValidator finished validation

2018-02-06 13:46:20  INFO [main] (JsonValidators.java:52) - TitleOfComplexElementValidator starts validation...
2018-02-06 13:46:20  INFO [main] (JsonValidators.java:56) - TitleOfComplexElementValidator finished validation

2018-02-06 13:46:20  INFO [main] (PageObjectsGenerator.java:122) - Finish Json validation

2018-02-06 13:46:20  INFO [main] (PageObjectsGenerator.java:144) - Start creating web pages...
2018-02-06 13:46:21  INFO [main] (PageObjectsGenerator.java:146) - Finish creating web pages

2018-02-06 13:46:21  INFO [main] (PageObjectsGenerator.java:164) - Start creating JavaClassBuildables...
2018-02-06 13:46:21  INFO [main] (PageObjectsGenerator.java:178) - Finish creating JavaClassBuildables

2018-02-06 13:46:21  INFO [main] (PageObjectsGenerator.java:154) - Start creating JavaClasses...
2018-02-06 13:46:21  INFO [main] (PageObjectsGenerator.java:158) - Finish creating JavaClasses

2018-02-06 13:46:21  INFO [main] (PageObjectsGenerator.java:107) - Start generating JavaClasses...
2018-02-06 13:46:21  INFO [main] (PageObjectsGenerator.java:109) - Finish generating JavaClasses
2018-02-06 13:59:50  INFO [main] (PropertyLoader.java:46) - Start reading list of schemes...
2018-02-06 13:59:50  INFO [main] (PropertyLoader.java:70) - Finish reading list of schemes

2018-02-06 13:59:50  INFO [main] (PropertyLoader.java:83) - Start reading list of group types...
2018-02-06 13:59:50  INFO [main] (PropertyLoader.java:103) - Finish reading list of group types

2018-02-06 13:59:50  INFO [main] (SearchRuleBuildersFactory.java:33) - Start creating map with builders...
2018-02-06 13:59:50  INFO [main] (SearchRuleBuildersFactory.java:45) - Finish creating map with builders

2018-02-06 13:59:50  INFO [main] (PageObjectsGenerator.java:113) - Start creating list of RawSearchRules...
2018-02-06 13:59:50  INFO [main] (PageObjectsGenerator.java:115) - Finish creating list of RawSearchRules

2018-02-06 13:59:50  INFO [main] (PageObjectsGenerator.java:136) - Start validation RawSearchRules with using Json Schema...
2018-02-06 13:59:50  INFO [main] (PageObjectsGenerator.java:138) - Finish validation

2018-02-06 13:59:50  INFO [main] (PageObjectsGenerator.java:128) - Start transforming RawSearchRules in SearchRules...
2018-02-06 13:59:50  INFO [main] (PageObjectsGenerator.java:131) - Finish transforming RawSearchRules in SearchRules

2018-02-06 13:59:50  INFO [main] (PageObjectsGenerator.java:120) - Start Json validation...

2018-02-06 13:59:50  INFO [main] (JsonValidators.java:52) - DuplicateTitleInnerSearchRuleValidator starts validation...
2018-02-06 13:59:50  INFO [main] (JsonValidators.java:56) - DuplicateTitleInnerSearchRuleValidator finished validation

2018-02-06 13:59:50  INFO [main] (JsonValidators.java:52) - RootExistenceValidator starts validation...
2018-02-06 13:59:50  INFO [main] (JsonValidators.java:56) - RootExistenceValidator finished validation

2018-02-06 13:59:50  INFO [main] (JsonValidators.java:52) - TitleOfComplexElementValidator starts validation...
2018-02-06 13:59:50  INFO [main] (JsonValidators.java:56) - TitleOfComplexElementValidator finished validation

2018-02-06 13:59:50  INFO [main] (PageObjectsGenerator.java:122) - Finish Json validation

2018-02-06 13:59:50  INFO [main] (PageObjectsGenerator.java:144) - Start creating web pages...
2018-02-06 13:59:50  INFO [main] (PageObjectsGenerator.java:146) - Finish creating web pages

2018-02-06 13:59:50  INFO [main] (PageObjectsGenerator.java:164) - Start creating JavaClassBuildables...
2018-02-06 13:59:50  INFO [main] (PageObjectsGenerator.java:178) - Finish creating JavaClassBuildables

2018-02-06 13:59:50  INFO [main] (PageObjectsGenerator.java:154) - Start creating JavaClasses...
2018-02-06 13:59:50  INFO [main] (PageObjectsGenerator.java:158) - Finish creating JavaClasses

2018-02-06 13:59:50  INFO [main] (PageObjectsGenerator.java:107) - Start generating JavaClasses...
2018-02-06 13:59:50  INFO [main] (PageObjectsGenerator.java:109) - Finish generating JavaClasses
2018-02-06 14:11:23  INFO [main] (PropertyLoader.java:46) - Start reading list of schemes...
2018-02-06 14:11:24  INFO [main] (PropertyLoader.java:70) - Finish reading list of schemes

2018-02-06 14:11:24  INFO [main] (PropertyLoader.java:83) - Start reading list of group types...
2018-02-06 14:11:24  INFO [main] (PropertyLoader.java:103) - Finish reading list of group types

2018-02-06 14:11:24  INFO [main] (SearchRuleBuildersFactory.java:33) - Start creating map with builders...
2018-02-06 14:11:24  INFO [main] (SearchRuleBuildersFactory.java:45) - Finish creating map with builders

2018-02-06 14:11:24  INFO [main] (PageObjectsGenerator.java:113) - Start creating list of RawSearchRules...
2018-02-06 14:11:24  INFO [main] (PageObjectsGenerator.java:115) - Finish creating list of RawSearchRules

2018-02-06 14:11:24  INFO [main] (PageObjectsGenerator.java:136) - Start validation RawSearchRules with using Json Schema...
2018-02-06 14:11:24  INFO [main] (PageObjectsGenerator.java:138) - Finish validation

2018-02-06 14:11:24  INFO [main] (PageObjectsGenerator.java:128) - Start transforming RawSearchRules in SearchRules...
2018-02-06 14:11:24  INFO [main] (PageObjectsGenerator.java:131) - Finish transforming RawSearchRules in SearchRules

2018-02-06 14:11:24  INFO [main] (PageObjectsGenerator.java:120) - Start Json validation...

2018-02-06 14:11:24  INFO [main] (JsonValidators.java:52) - DuplicateTitleInnerSearchRuleValidator starts validation...
2018-02-06 14:11:24  INFO [main] (JsonValidators.java:56) - DuplicateTitleInnerSearchRuleValidator finished validation

2018-02-06 14:11:24  INFO [main] (JsonValidators.java:52) - RootExistenceValidator starts validation...
2018-02-06 14:11:24  INFO [main] (JsonValidators.java:56) - RootExistenceValidator finished validation

2018-02-06 14:11:24  INFO [main] (JsonValidators.java:52) - TitleOfComplexElementValidator starts validation...
2018-02-06 14:11:24  INFO [main] (JsonValidators.java:56) - TitleOfComplexElementValidator finished validation

2018-02-06 14:11:24  INFO [main] (PageObjectsGenerator.java:122) - Finish Json validation

2018-02-06 14:11:24  INFO [main] (PageObjectsGenerator.java:144) - Start creating web pages...
2018-02-06 14:11:24  INFO [main] (PageObjectsGenerator.java:146) - Finish creating web pages

2018-02-06 14:11:24  INFO [main] (PageObjectsGenerator.java:164) - Start creating JavaClassBuildables...
2018-02-06 14:11:24  INFO [main] (PageObjectsGenerator.java:178) - Finish creating JavaClassBuildables

2018-02-06 14:11:24  INFO [main] (PageObjectsGenerator.java:154) - Start creating JavaClasses...
2018-02-06 14:11:24  INFO [main] (PageObjectsGenerator.java:158) - Finish creating JavaClasses

2018-02-06 14:11:24  INFO [main] (PageObjectsGenerator.java:107) - Start generating JavaClasses...
2018-02-06 14:11:24  INFO [main] (PageObjectsGenerator.java:109) - Finish generating JavaClasses
2018-02-06 14:11:37  INFO [main] (PropertyLoader.java:46) - Start reading list of schemes...
2018-02-06 14:11:38  INFO [main] (PropertyLoader.java:70) - Finish reading list of schemes

2018-02-06 14:11:38  INFO [main] (PropertyLoader.java:83) - Start reading list of group types...
2018-02-06 14:11:38  INFO [main] (PropertyLoader.java:103) - Finish reading list of group types

2018-02-06 14:11:38  INFO [main] (SearchRuleBuildersFactory.java:33) - Start creating map with builders...
2018-02-06 14:11:38  INFO [main] (SearchRuleBuildersFactory.java:45) - Finish creating map with builders

2018-02-06 14:11:38  INFO [main] (PageObjectsGenerator.java:113) - Start creating list of RawSearchRules...
2018-02-06 14:11:38  INFO [main] (PageObjectsGenerator.java:115) - Finish creating list of RawSearchRules

2018-02-06 14:11:38  INFO [main] (PageObjectsGenerator.java:136) - Start validation RawSearchRules with using Json Schema...
2018-02-06 14:11:38  INFO [main] (PageObjectsGenerator.java:138) - Finish validation

2018-02-06 14:11:38  INFO [main] (PageObjectsGenerator.java:128) - Start transforming RawSearchRules in SearchRules...
2018-02-06 14:11:38  INFO [main] (PageObjectsGenerator.java:131) - Finish transforming RawSearchRules in SearchRules

2018-02-06 14:11:38  INFO [main] (PageObjectsGenerator.java:120) - Start Json validation...

2018-02-06 14:11:38  INFO [main] (JsonValidators.java:52) - DuplicateTitleInnerSearchRuleValidator starts validation...
2018-02-06 14:11:38  INFO [main] (JsonValidators.java:56) - DuplicateTitleInnerSearchRuleValidator finished validation

2018-02-06 14:11:38  INFO [main] (JsonValidators.java:52) - RootExistenceValidator starts validation...
2018-02-06 14:11:38  INFO [main] (JsonValidators.java:56) - RootExistenceValidator finished validation

2018-02-06 14:11:38  INFO [main] (JsonValidators.java:52) - TitleOfComplexElementValidator starts validation...
2018-02-06 14:11:38  INFO [main] (JsonValidators.java:56) - TitleOfComplexElementValidator finished validation

2018-02-06 14:11:38  INFO [main] (PageObjectsGenerator.java:122) - Finish Json validation

2018-02-06 14:11:38  INFO [main] (PageObjectsGenerator.java:144) - Start creating web pages...
2018-02-06 14:11:38  INFO [main] (PageObjectsGenerator.java:146) - Finish creating web pages

2018-02-06 14:11:38  INFO [main] (PageObjectsGenerator.java:164) - Start creating JavaClassBuildables...
2018-02-06 14:11:38  INFO [main] (PageObjectsGenerator.java:178) - Finish creating JavaClassBuildables

2018-02-06 14:11:38  INFO [main] (PageObjectsGenerator.java:154) - Start creating JavaClasses...
2018-02-06 14:11:38  INFO [main] (PageObjectsGenerator.java:158) - Finish creating JavaClasses

2018-02-06 14:11:38  INFO [main] (PageObjectsGenerator.java:107) - Start generating JavaClasses...
2018-02-06 14:11:38  INFO [main] (PageObjectsGenerator.java:109) - Finish generating JavaClasses
2018-02-06 14:12:09  INFO [main] (PropertyLoader.java:46) - Start reading list of schemes...
2018-02-06 14:12:09  INFO [main] (PropertyLoader.java:70) - Finish reading list of schemes

2018-02-06 14:12:09  INFO [main] (PropertyLoader.java:83) - Start reading list of group types...
2018-02-06 14:12:09  INFO [main] (PropertyLoader.java:103) - Finish reading list of group types

2018-02-06 14:12:09  INFO [main] (SearchRuleBuildersFactory.java:33) - Start creating map with builders...
2018-02-06 14:12:09  INFO [main] (SearchRuleBuildersFactory.java:45) - Finish creating map with builders

2018-02-06 14:12:09  INFO [main] (PageObjectsGenerator.java:113) - Start creating list of RawSearchRules...
2018-02-06 14:12:09  INFO [main] (PageObjectsGenerator.java:115) - Finish creating list of RawSearchRules

2018-02-06 14:12:09  INFO [main] (PageObjectsGenerator.java:136) - Start validation RawSearchRules with using Json Schema...
2018-02-06 14:12:09  INFO [main] (PageObjectsGenerator.java:138) - Finish validation

2018-02-06 14:12:09  INFO [main] (PageObjectsGenerator.java:128) - Start transforming RawSearchRules in SearchRules...
2018-02-06 14:12:09  INFO [main] (PageObjectsGenerator.java:131) - Finish transforming RawSearchRules in SearchRules

2018-02-06 14:12:09  INFO [main] (PageObjectsGenerator.java:120) - Start Json validation...

2018-02-06 14:12:09  INFO [main] (JsonValidators.java:52) - DuplicateTitleInnerSearchRuleValidator starts validation...
2018-02-06 14:12:09  INFO [main] (JsonValidators.java:56) - DuplicateTitleInnerSearchRuleValidator finished validation

2018-02-06 14:12:09  INFO [main] (JsonValidators.java:52) - RootExistenceValidator starts validation...
2018-02-06 14:12:09  INFO [main] (JsonValidators.java:56) - RootExistenceValidator finished validation

2018-02-06 14:12:09  INFO [main] (JsonValidators.java:52) - TitleOfComplexElementValidator starts validation...
2018-02-06 14:12:09  INFO [main] (JsonValidators.java:56) - TitleOfComplexElementValidator finished validation

2018-02-06 14:12:09  INFO [main] (PageObjectsGenerator.java:122) - Finish Json validation

2018-02-06 14:12:09  INFO [main] (PageObjectsGenerator.java:144) - Start creating web pages...
2018-02-06 14:12:09  INFO [main] (PageObjectsGenerator.java:146) - Finish creating web pages

2018-02-06 14:12:09  INFO [main] (PageObjectsGenerator.java:164) - Start creating JavaClassBuildables...
2018-02-06 14:12:09  INFO [main] (PageObjectsGenerator.java:178) - Finish creating JavaClassBuildables

2018-02-06 14:12:09  INFO [main] (PageObjectsGenerator.java:154) - Start creating JavaClasses...
2018-02-06 14:12:09  INFO [main] (PageObjectsGenerator.java:158) - Finish creating JavaClasses

2018-02-06 14:12:09  INFO [main] (PageObjectsGenerator.java:107) - Start generating JavaClasses...
2018-02-06 14:20:32  INFO [main] (PropertyLoader.java:46) - Start reading list of schemes...
2018-02-06 14:20:32  INFO [main] (PropertyLoader.java:70) - Finish reading list of schemes

2018-02-06 14:20:32  INFO [main] (PropertyLoader.java:83) - Start reading list of group types...
2018-02-06 14:20:32  INFO [main] (PropertyLoader.java:103) - Finish reading list of group types

2018-02-06 14:20:32  INFO [main] (SearchRuleBuildersFactory.java:33) - Start creating map with builders...
2018-02-06 14:20:32  INFO [main] (SearchRuleBuildersFactory.java:45) - Finish creating map with builders

2018-02-06 14:20:32  INFO [main] (PageObjectsGenerator.java:113) - Start creating list of RawSearchRules...
2018-02-06 14:20:32  INFO [main] (PageObjectsGenerator.java:115) - Finish creating list of RawSearchRules

2018-02-06 14:20:32  INFO [main] (PageObjectsGenerator.java:136) - Start validation RawSearchRules with using Json Schema...
2018-02-06 14:20:32  INFO [main] (PageObjectsGenerator.java:138) - Finish validation

2018-02-06 14:20:32  INFO [main] (PageObjectsGenerator.java:128) - Start transforming RawSearchRules in SearchRules...
2018-02-06 14:20:32  INFO [main] (PageObjectsGenerator.java:131) - Finish transforming RawSearchRules in SearchRules

2018-02-06 14:20:32  INFO [main] (PageObjectsGenerator.java:120) - Start Json validation...

2018-02-06 14:20:32  INFO [main] (JsonValidators.java:52) - DuplicateTitleInnerSearchRuleValidator starts validation...
2018-02-06 14:20:32  INFO [main] (JsonValidators.java:56) - DuplicateTitleInnerSearchRuleValidator finished validation

2018-02-06 14:20:32  INFO [main] (JsonValidators.java:52) - RootExistenceValidator starts validation...
2018-02-06 14:20:32  INFO [main] (JsonValidators.java:56) - RootExistenceValidator finished validation

2018-02-06 14:20:32  INFO [main] (JsonValidators.java:52) - TitleOfComplexElementValidator starts validation...
2018-02-06 14:20:32  INFO [main] (JsonValidators.java:56) - TitleOfComplexElementValidator finished validation

2018-02-06 14:20:32  INFO [main] (PageObjectsGenerator.java:122) - Finish Json validation

2018-02-06 14:20:32  INFO [main] (PageObjectsGenerator.java:144) - Start creating web pages...
2018-02-06 14:20:32  INFO [main] (PageObjectsGenerator.java:146) - Finish creating web pages

2018-02-06 14:20:32  INFO [main] (PageObjectsGenerator.java:164) - Start creating JavaClassBuildables...
2018-02-06 14:20:32  INFO [main] (PageObjectsGenerator.java:178) - Finish creating JavaClassBuildables

2018-02-06 14:20:32  INFO [main] (PageObjectsGenerator.java:154) - Start creating JavaClasses...
2018-02-06 14:20:32  INFO [main] (PageObjectsGenerator.java:158) - Finish creating JavaClasses

2018-02-06 14:20:32  INFO [main] (PageObjectsGenerator.java:107) - Start generating JavaClasses...
2018-02-06 14:20:55  INFO [main] (PropertyLoader.java:46) - Start reading list of schemes...
2018-02-06 14:20:55  INFO [main] (PropertyLoader.java:70) - Finish reading list of schemes

2018-02-06 14:20:55  INFO [main] (PropertyLoader.java:83) - Start reading list of group types...
2018-02-06 14:20:55  INFO [main] (PropertyLoader.java:103) - Finish reading list of group types

2018-02-06 14:20:55  INFO [main] (SearchRuleBuildersFactory.java:33) - Start creating map with builders...
2018-02-06 14:20:55  INFO [main] (SearchRuleBuildersFactory.java:45) - Finish creating map with builders

2018-02-06 14:20:55  INFO [main] (PageObjectsGenerator.java:113) - Start creating list of RawSearchRules...
2018-02-06 14:20:55  INFO [main] (PageObjectsGenerator.java:115) - Finish creating list of RawSearchRules

2018-02-06 14:20:55  INFO [main] (PageObjectsGenerator.java:136) - Start validation RawSearchRules with using Json Schema...
2018-02-06 14:20:55  INFO [main] (PageObjectsGenerator.java:138) - Finish validation

2018-02-06 14:20:55  INFO [main] (PageObjectsGenerator.java:128) - Start transforming RawSearchRules in SearchRules...
2018-02-06 14:20:55  INFO [main] (PageObjectsGenerator.java:131) - Finish transforming RawSearchRules in SearchRules

2018-02-06 14:20:55  INFO [main] (PageObjectsGenerator.java:120) - Start Json validation...

2018-02-06 14:20:55  INFO [main] (JsonValidators.java:52) - DuplicateTitleInnerSearchRuleValidator starts validation...
2018-02-06 14:20:55  INFO [main] (JsonValidators.java:56) - DuplicateTitleInnerSearchRuleValidator finished validation

2018-02-06 14:20:55  INFO [main] (JsonValidators.java:52) - RootExistenceValidator starts validation...
2018-02-06 14:20:55  INFO [main] (JsonValidators.java:56) - RootExistenceValidator finished validation

2018-02-06 14:20:55  INFO [main] (JsonValidators.java:52) - TitleOfComplexElementValidator starts validation...
2018-02-06 14:20:55  INFO [main] (JsonValidators.java:56) - TitleOfComplexElementValidator finished validation

2018-02-06 14:20:55  INFO [main] (PageObjectsGenerator.java:122) - Finish Json validation

2018-02-06 14:20:55  INFO [main] (PageObjectsGenerator.java:144) - Start creating web pages...
2018-02-06 14:20:55  INFO [main] (PageObjectsGenerator.java:146) - Finish creating web pages

2018-02-06 14:20:55  INFO [main] (PageObjectsGenerator.java:164) - Start creating JavaClassBuildables...
2018-02-06 14:20:55  INFO [main] (PageObjectsGenerator.java:178) - Finish creating JavaClassBuildables

2018-02-06 14:20:55  INFO [main] (PageObjectsGenerator.java:154) - Start creating JavaClasses...
2018-02-06 14:20:55  INFO [main] (PageObjectsGenerator.java:158) - Finish creating JavaClasses

2018-02-06 14:20:55  INFO [main] (PageObjectsGenerator.java:107) - Start generating JavaClasses...
2018-02-06 14:20:55  INFO [main] (PageObjectsGenerator.java:109) - Finish generating JavaClasses
